<?xml version="1.0" encoding="UTF-8"?>
<testng-results skipped="0" failed="1" total="1" passed="0">
  <reporter-output>
  </reporter-output>
  <suite name="New Or Existing Exp Rpt Suite" duration-ms="11055" started-at="2017-09-18T08:01:11Z" finished-at="2017-09-18T08:01:22Z">
    <groups>
      <group name="expenceReport">
        <method signature="CreateExpenceReport.newReportUsingBillabletoClient(java.lang.String, java.lang.String)[pri:0, instance:com.framework.test.expences.CreateExpenceReport@78d8d958]" name="newReportUsingBillabletoClient" class="com.framework.test.expences.CreateExpenceReport"/>
      </group> <!-- expenceReport -->
    </groups>
    <test name="NewExpRepInvalid" duration-ms="11055" started-at="2017-09-18T08:01:11Z" finished-at="2017-09-18T08:01:22Z">
      <class name="com.framework.test.expences.CreateExpenceReport">
        <test-method status="PASS" signature="setUp()[pri:0, instance:com.framework.test.expences.CreateExpenceReport@78d8d958]" name="setUp" is-config="true" duration-ms="30429" started-at="2017-09-18T13:30:40Z" finished-at="2017-09-18T13:31:11Z">
          <reporter-output>
          </reporter-output>
        </test-method> <!-- setUp -->
        <test-method status="PASS" signature="initializeTestSetUp()[pri:0, instance:com.framework.test.expences.CreateExpenceReport@78d8d958]" name="initializeTestSetUp" is-config="true" duration-ms="0" started-at="2017-09-18T13:31:11Z" finished-at="2017-09-18T13:31:11Z">
          <reporter-output>
          </reporter-output>
        </test-method> <!-- initializeTestSetUp -->
        <test-method status="PASS" signature="beforeClass()[pri:0, instance:com.framework.test.expences.CreateExpenceReport@78d8d958]" name="beforeClass" is-config="true" duration-ms="1" started-at="2017-09-18T13:31:11Z" finished-at="2017-09-18T13:31:11Z">
          <reporter-output>
          </reporter-output>
        </test-method> <!-- beforeClass -->
        <test-method status="PASS" signature="beforeMethod(java.lang.reflect.Method)[pri:0, instance:com.framework.test.expences.CreateExpenceReport@78d8d958]" name="beforeMethod" is-config="true" duration-ms="34" started-at="2017-09-18T13:31:21Z" finished-at="2017-09-18T13:31:22Z">
          <params>
            <param index="0">
              <value>
                <![CDATA[private void com.framework.test.expences.CreateExpenceReport.newReportUsingBillabletoClient(java.lang.String,java.lang.String)]]>
              </value>
            </param>
          </params>
          <reporter-output>
          </reporter-output>
        </test-method> <!-- beforeMethod -->
        <test-method status="FAIL" signature="newReportUsingBillabletoClient(java.lang.String, java.lang.String)[pri:0, instance:com.framework.test.expences.CreateExpenceReport@78d8d958]" name="newReportUsingBillabletoClient" duration-ms="195" started-at="2017-09-18T13:31:22Z" finished-at="2017-09-18T13:31:22Z">
          <params>
            <param index="0">
              <value>
                <![CDATA[testlogin@zipcad.com]]>
              </value>
            </param>
            <param index="1">
              <value>
                <![CDATA[selenium123]]>
              </value>
            </param>
          </params>
          <exception class="org.openqa.selenium.NoSuchWindowException">
            <message>
              <![CDATA[no such window: target window already closed
from unknown error: web view not found
  (Session info: chrome=60.0.3112.113)
  (Driver info: chromedriver=2.29.461591 (62ebf098771772160f391d75e589dc567915b233),platform=Windows NT 6.1.7601 SP1 x86_64) (WARNING: The server did not provide any stacktrace information)
Command duration or timeout: 0 milliseconds
Build info: version: '2.53.0', revision: '35ae25b', time: '2016-03-15 16:57:40'
System info: host: 'OM-PC', ip: '192.168.2.7', os.name: 'Windows 7', os.arch: 'amd64', os.version: '6.1', java.version: '1.7.0_21'
*** Element info: {Using=xpath, value=.//*[@id='contactSupportLoginLinkLogin']}
Session ID: 491a9b4673531ea7a7034308e17e2886
Driver info: org.openqa.selenium.chrome.ChromeDriver
Capabilities [{platform=XP, acceptSslCerts=true, javascriptEnabled=true, browserName=chrome, chrome={userDataDir=C:\Users\OM\AppData\Local\Temp\scoped_dir5432_14038, chromedriverVersion=2.29.461591 (62ebf098771772160f391d75e589dc567915b233)}, networkConnectionEnabled=false, unexpectedAlertBehaviour=, rotatable=false, locationContextEnabled=true, mobileEmulationEnabled=false, version=60.0.3112.113, pageLoadStrategy=normal, takesHeapSnapshot=true, cssSelectorsEnabled=true, databaseEnabled=false, handlesAlerts=true, browserConnectionEnabled=false, webStorageEnabled=true, nativeEvents=true, hasTouchScreen=false, applicationCacheEnabled=false, takesScreenshot=true}]]]>
            </message>
            <full-stacktrace>
              <![CDATA[org.openqa.selenium.NoSuchWindowException: no such window: target window already closed
from unknown error: web view not found
  (Session info: chrome=60.0.3112.113)
  (Driver info: chromedriver=2.29.461591 (62ebf098771772160f391d75e589dc567915b233),platform=Windows NT 6.1.7601 SP1 x86_64) (WARNING: The server did not provide any stacktrace information)
Command duration or timeout: 0 milliseconds
Build info: version: '2.53.0', revision: '35ae25b', time: '2016-03-15 16:57:40'
System info: host: 'OM-PC', ip: '192.168.2.7', os.name: 'Windows 7', os.arch: 'amd64', os.version: '6.1', java.version: '1.7.0_21'
*** Element info: {Using=xpath, value=.//*[@id='contactSupportLoginLinkLogin']}
Session ID: 491a9b4673531ea7a7034308e17e2886
Driver info: org.openqa.selenium.chrome.ChromeDriver
Capabilities [{platform=XP, acceptSslCerts=true, javascriptEnabled=true, browserName=chrome, chrome={userDataDir=C:\Users\OM\AppData\Local\Temp\scoped_dir5432_14038, chromedriverVersion=2.29.461591 (62ebf098771772160f391d75e589dc567915b233)}, networkConnectionEnabled=false, unexpectedAlertBehaviour=, rotatable=false, locationContextEnabled=true, mobileEmulationEnabled=false, version=60.0.3112.113, pageLoadStrategy=normal, takesHeapSnapshot=true, cssSelectorsEnabled=true, databaseEnabled=false, handlesAlerts=true, browserConnectionEnabled=false, webStorageEnabled=true, nativeEvents=true, hasTouchScreen=false, applicationCacheEnabled=false, takesScreenshot=true}]
	at sun.reflect.NativeConstructorAccessorImpl.newInstance0(Native Method)
	at sun.reflect.NativeConstructorAccessorImpl.newInstance(Unknown Source)
	at sun.reflect.DelegatingConstructorAccessorImpl.newInstance(Unknown Source)
	at java.lang.reflect.Constructor.newInstance(Unknown Source)
	at org.openqa.selenium.remote.ErrorHandler.createThrowable(ErrorHandler.java:206)
	at org.openqa.selenium.remote.ErrorHandler.throwIfResponseFailed(ErrorHandler.java:158)
	at org.openqa.selenium.remote.RemoteWebDriver.execute(RemoteWebDriver.java:678)
	at org.openqa.selenium.remote.RemoteWebDriver.findElement(RemoteWebDriver.java:363)
	at org.openqa.selenium.remote.RemoteWebDriver.findElementByXPath(RemoteWebDriver.java:500)
	at org.openqa.selenium.By$ByXPath.findElement(By.java:361)
	at org.openqa.selenium.remote.RemoteWebDriver.findElement(RemoteWebDriver.java:355)
	at com.framework.pagefactory.FileBasedElementLocator.findElement(FileBasedElementLocator.java:38)
	at org.openqa.selenium.support.pagefactory.internal.LocatingElementHandler.invoke(LocatingElementHandler.java:38)
	at com.sun.proxy.$Proxy16.click(Unknown Source)
	at com.framework.pages.HomePage.clickToLogin(HomePage.java:19)
	at com.framework.pages.LoginPage.verifyTitle(LoginPage.java:56)
	at com.framework.pages.LoginPage.doLogin(LoginPage.java:47)
	at com.framework.navigation.LeftNavigationPage.loginWithValidCredentials(LeftNavigationPage.java:22)
	at com.framework.pages.NewExpenseReportPage.access$0(NewExpenseReportPage.java:1)
	at com.framework.pages.NewExpenseReportPage$loginApplication.loginAndNavToNewExpenceReport(NewExpenseReportPage.java:135)
	at com.framework.test.expences.CreateExpenceReport.newReportUsingBillabletoClient(Unknown Source)
	at sun.reflect.NativeMethodAccessorImpl.invoke0(Native Method)
	at sun.reflect.NativeMethodAccessorImpl.invoke(Unknown Source)
	at sun.reflect.DelegatingMethodAccessorImpl.invoke(Unknown Source)
	at java.lang.reflect.Method.invoke(Unknown Source)
	at org.testng.internal.MethodInvocationHelper.invokeMethod(MethodInvocationHelper.java:85)
	at org.testng.internal.Invoker.invokeMethod(Invoker.java:639)
	at org.testng.internal.Invoker.invokeTestMethod(Invoker.java:816)
	at org.testng.internal.Invoker.invokeTestMethods(Invoker.java:1124)
	at org.testng.internal.TestMethodWorker.invokeTestMethods(TestMethodWorker.java:125)
	at org.testng.internal.TestMethodWorker.run(TestMethodWorker.java:108)
	at org.testng.TestRunner.privateRun(TestRunner.java:774)
	at org.testng.TestRunner.run(TestRunner.java:624)
	at org.testng.SuiteRunner.runTest(SuiteRunner.java:359)
	at org.testng.SuiteRunner.runSequentially(SuiteRunner.java:354)
	at org.testng.SuiteRunner.privateRun(SuiteRunner.java:312)
	at org.testng.SuiteRunner.run(SuiteRunner.java:261)
	at org.testng.SuiteRunnerWorker.runSuite(SuiteRunnerWorker.java:52)
	at org.testng.SuiteRunnerWorker.run(SuiteRunnerWorker.java:86)
	at org.testng.TestNG.runSuitesSequentially(TestNG.java:1215)
	at org.testng.TestNG.runSuitesLocally(TestNG.java:1140)
	at org.testng.TestNG.run(TestNG.java:1048)
	at org.testng.TestNG.privateMain(TestNG.java:1355)
	at org.testng.TestNG.main(TestNG.java:1324)
]]>
            </full-stacktrace>
          </exception> <!-- org.openqa.selenium.NoSuchWindowException -->
          <reporter-output>
          </reporter-output>
        </test-method> <!-- newReportUsingBillabletoClient -->
        <test-method status="PASS" signature="afterMethod(org.testng.ITestResult, org.testng.ITestContext)[pri:0, instance:com.framework.test.expences.CreateExpenceReport@78d8d958]" name="afterMethod" is-config="true" duration-ms="1" started-at="2017-09-18T13:31:22Z" finished-at="2017-09-18T13:31:22Z">
          <params>
            <param index="0">
              <value>
                <![CDATA[[TestResult name=newReportUsingBillabletoClient status=FAILURE method=CreateExpenceReport.newReportUsingBillabletoClient(java.lang.String, java.lang.String)[pri:0, instance:com.framework.test.expences.CreateExpenceReport@78d8d958] output={null}]]]>
              </value>
            </param>
            <param index="1">
              <value>
                <![CDATA[org.testng.TestRunner@5b37f662]]>
              </value>
            </param>
          </params>
          <reporter-output>
          </reporter-output>
        </test-method> <!-- afterMethod -->
        <test-method status="PASS" signature="afterClass()[pri:0, instance:com.framework.test.expences.CreateExpenceReport@78d8d958]" name="afterClass" is-config="true" duration-ms="0" started-at="2017-09-18T13:31:22Z" finished-at="2017-09-18T13:31:22Z">
          <reporter-output>
          </reporter-output>
        </test-method> <!-- afterClass -->
        <test-method status="PASS" signature="afterTest()[pri:0, instance:com.framework.test.expences.CreateExpenceReport@78d8d958]" name="afterTest" is-config="true" duration-ms="1" started-at="2017-09-18T13:31:22Z" finished-at="2017-09-18T13:31:22Z">
          <reporter-output>
          </reporter-output>
        </test-method> <!-- afterTest -->
        <test-method status="PASS" signature="afterSuite()[pri:0, instance:com.framework.test.expences.CreateExpenceReport@78d8d958]" name="afterSuite" is-config="true" duration-ms="1" started-at="2017-09-18T13:31:22Z" finished-at="2017-09-18T13:31:22Z">
          <reporter-output>
          </reporter-output>
        </test-method> <!-- afterSuite -->
      </class> <!-- com.framework.test.expences.CreateExpenceReport -->
    </test> <!-- NewExpRepInvalid -->
  </suite> <!-- New Or Existing Exp Rpt Suite -->
</testng-results>
